{
  "stats": {
    "suites": 1,
    "tests": 2,
    "passes": 1,
    "pending": 1,
    "failures": 0,
    "start": "2024-08-16T04:19:23.849Z",
    "end": "2024-08-16T04:19:31.333Z",
    "duration": 7484,
    "testsRegistered": 2,
    "passPercent": 100,
    "pendingPercent": 50,
    "other": 0,
    "hasOther": false,
    "skipped": 0,
    "hasSkipped": false
  },
  "results": [
    {
      "uuid": "9b9798fb-f1ef-483d-b61c-eba613c992fc",
      "title": "",
      "fullFile": "cypress\\e2e\\tests\\RegistrationTest.cy.js",
      "file": "cypress\\e2e\\tests\\RegistrationTest.cy.js",
      "beforeHooks": [],
      "afterHooks": [],
      "tests": [],
      "suites": [
        {
          "uuid": "af7c9614-a055-4c18-8941-4e0ae60e426b",
          "title": "Account Registration",
          "fullFile": "",
          "file": "",
          "beforeHooks": [],
          "afterHooks": [],
          "tests": [
            {
              "title": "should register the new user",
              "fullTitle": "Account Registration should register the new user",
              "timedOut": null,
              "duration": 7352,
              "state": "passed",
              "speed": "medium",
              "pass": true,
              "fail": false,
              "pending": false,
              "context": null,
              "code": "let password = _faker.faker.internet.password();\n//  cy.visit(\"https://naveenautomationlabs.com/opencart/index.php?route=account/register\")\n_RegisterPage.default.enterFirstName(_faker.faker.person.firstName()).enterLastName(_faker.faker.person.lastName()).enterEmail(_faker.faker.internet.email()).enterTelephone(_faker.faker.phone.number()).enterPassword(password).enterConfirmPassword(password).checkPolicy().submitRegistration();\ncy.get('#content h1').should('have.text', 'Your Account Has Been Created!');",
              "err": {},
              "uuid": "996a9d35-4719-4d8b-b5ed-51ddcfcf19f6",
              "parentUUID": "af7c9614-a055-4c18-8941-4e0ae60e426b",
              "isHook": false,
              "skipped": false
            },
            {
              "title": "should generate error message",
              "fullTitle": "Account Registration should generate error message",
              "timedOut": null,
              "duration": 0,
              "state": "pending",
              "speed": null,
              "pass": false,
              "fail": false,
              "pending": true,
              "context": null,
              "code": "_RegisterPage.default.submitRegistration();\n_RegisterPage.default.validateErrorInFormField();",
              "err": {},
              "uuid": "248180b9-06e9-404b-869f-c4dbd374fc33",
              "parentUUID": "af7c9614-a055-4c18-8941-4e0ae60e426b",
              "isHook": false,
              "skipped": false
            }
          ],
          "suites": [],
          "passes": [
            "996a9d35-4719-4d8b-b5ed-51ddcfcf19f6"
          ],
          "failures": [],
          "pending": [
            "248180b9-06e9-404b-869f-c4dbd374fc33"
          ],
          "skipped": [],
          "duration": 7352,
          "root": false,
          "rootEmpty": false,
          "_timeout": 2000
        }
      ],
      "passes": [],
      "failures": [],
      "pending": [],
      "skipped": [],
      "duration": 0,
      "root": true,
      "rootEmpty": true,
      "_timeout": 2000
    }
  ],
  "meta": {
    "mocha": {
      "version": "7.0.1"
    },
    "mochawesome": {
      "options": {
        "quiet": false,
        "reportFilename": "mochawesome",
        "saveHtml": true,
        "saveJson": true,
        "consoleReporter": "spec",
        "useInlineDiffs": false,
        "code": true
      },
      "version": "7.1.3"
    },
    "marge": {
      "options": {
        "configFile": "reporter-config.json",
        "reportDir": "cypress/report/mochawesome-report/",
        "overwrite": false
      },
      "version": "6.2.0"
    }
  }
}